 --------------------------------------
 M3C version: Sep 29 2020 - 00:26:07
 --------------------------------------
 Input file = C5.m3c
 
Blocks input file
-----------------
> BEGIN EXCITATION_ENERGY_SCAN
>     excitationEnergy  =  0:35:36
> END EXCITATION_ENERGY_SCAN
> BEGIN GOPTIONS
>     randomSeed = 10
>         systemRadius = 10.0
>         overlappingRadius = 0.2
>         useRandomWalkers = FALSE
>         randomWalkStepRadius = 1.0
>         useZPECorrection = TRUE
>         useSpinConservationRules = FALSE
>         angularMomentumCouplingScheme = JJL
> END GOPTIONS
> BEGIN MARKOV_CHAIN
>     task = 5*V,T,R,S:0,5*V,T,R,S:-1:1
>         burnInFraction = 0.1
>     reactives = C5(s1)
>         excitationEnergy = 18.0
>         tracking = energy
>         historyFileFrequency = 500
>         numberOfExperiments = 10
>         numberOfEvents = 5000
>         energyHistoryFile = energy.dat
>         weightHistoryFile = weight.dat
>         histogramFile = histogram.dat
> END MARKOV_CHAIN
> BEGIN FRAGMENTS_DATABASE
>     store = store
>     reference = C5(s1)
>                         C(s1)    0  1  5    1                C.q0.m1-1.rxyz        -1026.574168
>                         C(t1)    0  3  3    1                C.q0.m3-1.rxyz        -1028.024016
>                        C2(s1)    0  1  1    2               C2.q0.m1-1.rxyz        -2062.151541     C(t1)+C(t1)
>                        C2(t1)    0  3  2    2               C2.q0.m3-1.rxyz        -2062.058719     C(t1)+C(t1)
>                        C3(s1)    0  1  1    2               C3.q0.m1-1.rxyz        -3097.545476     C(t1)+C2(s1)
>                        C3(t1)    0  3  1    6               C3.q0.m3-1.rxyz        -3096.702170     C(t1)+C2(s1)
>                        C3(t2)    0  3  1    1               C3.q0.m3-2.rxyz        -3095.328290     C(t1)+C2(s1)
>                        C4(s1)    0  1  1    2               C4.q0.m1-1.rxyz        -4130.023944     C(t1)+C3(s1)
>                        C4(t1)    0  3  1    2               C4.q0.m3-1.rxyz        -4130.415052     C(t1)+C3(s1)
>                        C4(s2)    0  1  1    4               C4.q0.m1-2.rxyz        -4130.503317     C(t1)+C3(s1)
>                        C4(t2)    0  3  1    4               C4.q0.m3-2.rxyz        -4128.396925     C(t1)+C3(s1)
>                        C4(s3)    0  1  1    1               C4.q0.m1-3.rxyz        -4129.321150     C(t1)+C3(s1)
>                        C4(t5)    0  3  1    1               C4.q0.m3-5.rxyz        -4129.245480     C(t1)+C3(s1)
>                        C5(s1)    0  1  1    2               C5.q0.m1-1.rxyz        -5165.692754     C2(s1)+C3(s1)
>                        C5(t1)    0  3  1    2               C5.q0.m3-1.rxyz        -5163.414736     C2(s1)+C3(s1)
>                        C5(s2)    0  1  1    1               C5.q0.m1-2.rxyz        -5163.669217     C2(s1)+C3(s1)
>                        C5(t2)    0  3  1    1               C5.q0.m3-2.rxyz        -5162.597064     C2(s1)+C3(s1)
>                        C5(s4)    0  1  1    1               C5.q0.m1-4.rxyz        -5162.602660     C2(s1)+C3(s1)
>                        C5(s5)    0  1  1    1               C5.q0.m1-5.rxyz        -5162.746792     C2(s1)+C3(s1)
>                        C5(t5)    0  3  1    1               C5.q0.m3-5.rxyz        -5161.474556     C2(s1)+C3(s1)
>                        C5(t6)    0  3  1    1               C5.q0.m3-6.rxyz        -5162.206671     C2(s1)+C3(s1)
> END FRAGMENTS_DATABASE
> BEGIN EXPERIMENTAL_BRANCHING_RATIOS
>     error = absolute
>     diagram = C.vs.E
>            C5                 15.0     1.0
>            C+C4                8.0     1.0
>            C2+C3              59.0     3.0
>            C+C+C3              8.0     1.0
>            C+C2+C2             7.0     1.0
>            C+C+C+C2            2.5     0.6
>            C+C+C+C+C          0.27     0.2
> END EXPERIMENTAL_BRANCHING_RATIOS
> BEGIN FIT_BRANCHING_RATIOS
>         method = NNLS
>         basis = 5,5
>         eDistfile = C5-ccsdt.edist.dat
>         BRfile = C5-ccsdt.fitBR.dat
> END FIT_BRANCHING_RATIOS
> BEGIN BRANCHING_RATIOS
>         eDistOFile = C5-ccsdt.edist.dat
>         BRfile = C5-ccsdt.BR.dat
>         diagram = C.vs.E
>         22.261800  B(1,8)
>         21.639932  B(1,9)
>         45.714079  B(2,5)
>         10.384190  B(2,6)
> END BRANCHING_RATIOS
 
 ---------------------------------------------------------------------------
 START TIME: Tue Sep 29 00:30:10 2020
 ---------------------------------------------------------------------------
 
                           randomSeed =              10
                                 zero =        0.10E-11
                         systemRadius =        10.00000 A
                     useRandomWalkers =     F
                 randomWalkStepRadius =         1.00000 A
                  useWeightedWalkStep =     F
                    overlappingRadius =         0.20000 A
               checkAtomicOverlapping =     F
              atomicOverlappingRadius =         0.00000 A
                           radiusType =        COVALENT
                     useZPECorrection =     T
             useSpinConservationRules =  F
        angularMomentumCouplingScheme =   JJL
              structureSamplingMethod =     RANDOM
                               totalJ =         0.00000        0.00000        0.00000 a.u.
                           printLevel =     1
                           debugLevel =     1
 

     +-----------------------------------+
     | FRAGMENTS DATABASE INITIALIZATION |
     +-----------------------------------+


              file name = store/C.q0.m1-1.rxyz
                   name = C(s1)
                formula = C
     Moments of inertia = [             0.00000             0.00000             0.00000  ]   amu*angs**2
     Moments of inertia = [             0.00000             0.00000             0.00000  ]   a.u.
                 Radius =         0.85000   A
                  Eelec =   -1026.5741680   eV
                  Eelec =     -37.7258911   a.u.
                   Mass =      12.0000000   amu
               (fr, fv) = (    0    0  )
                maxEvib =       0.0000000   eV

              file name = store/C.q0.m3-1.rxyz
                   name = C(t1)
                formula = C
     Moments of inertia = [             0.00000             0.00000             0.00000  ]   amu*angs**2
     Moments of inertia = [             0.00000             0.00000             0.00000  ]   a.u.
                 Radius =         0.85000   A
                  Eelec =   -1028.0240160   eV
                  Eelec =     -37.7791720   a.u.
                   Mass =      12.0000000   amu
               (fr, fv) = (    0    0  )
                maxEvib =       0.0000000   eV

              file name = store/C2.q0.m1-1.rxyz
                   name = C2(s1)
                formula = C2
     Moments of inertia = [             0.00000             9.33134             9.33134  ]   amu*angs**2
     Moments of inertia = [             0.00000         60743.78137         60743.78137  ]   a.u.
                 Radius =         1.47354   A
                  Eelec =   -2062.0354357   eV
                  Eelec =     -75.7783770   a.u.
                   Mass =      24.0000000   amu
                    ZPE =       0.1161053   eV
               (fr, fv) = (    2    1  )
                maxEvib =       5.9874037   eV

              file name = store/C2.q0.m3-1.rxyz
                   name = C2(t1)
                formula = C2
     Moments of inertia = [             0.00000            10.15670            10.15670  ]   amu*angs**2
     Moments of inertia = [             0.00000         66116.57413         66116.57413  ]   a.u.
                 Radius =         1.50054   A
                  Eelec =   -2061.9537280   eV
                  Eelec =     -75.7753743   a.u.
                   Mass =      24.0000000   amu
                    ZPE =       0.1049910   eV
               (fr, fv) = (    2    1  )
                maxEvib =       5.9056960   eV

              file name = store/C3.q0.m1-1.rxyz
                   name = C3(s1)
                formula = C3
     Moments of inertia = [             0.00000            39.99402            39.99402  ]   amu*angs**2
     Moments of inertia = [             0.00000        260347.17129        260347.17129  ]   a.u.
                 Radius =         2.14090   A
                  Eelec =   -3097.3189062   eV
                  Eelec =    -113.8243290   a.u.
                   Mass =      36.0000000   amu
                    ZPE =       0.2265698   eV
               (fr, fv) = (    2    4  )
                maxEvib =       7.2594546   eV

              file name = store/C3.q0.m3-1.rxyz
                   name = C3(t1)
                formula = C3
     Moments of inertia = [            11.15361            11.15378            22.30739  ]   amu*angs**2
     Moments of inertia = [         72606.12471         72607.22688        145213.35158  ]   a.u.
                 Radius =         1.53172   A
                  Eelec =   -3096.4574725   eV
                  Eelec =    -113.7926719   a.u.
                   Mass =      36.0000000   amu
                    ZPE =       0.2446975   eV
               (fr, fv) = (    3    3  )
                maxEvib =       6.3980208   eV

              file name = store/C3.q0.m3-2.rxyz
                   name = C3(t2)
                formula = C3
     Moments of inertia = [             0.31821            38.86025            39.17846  ]   amu*angs**2
     Moments of inertia = [          2071.43379        252966.70184        255038.13564  ]   a.u.
                 Radius =         2.12246   A
                  Eelec =   -3095.1951659   eV
                  Eelec =    -113.7462830   a.u.
                   Mass =      36.0000000   amu
                    ZPE =       0.1331241   eV
               (fr, fv) = (    3    3  )
                maxEvib =       5.1357142   eV

              file name = store/C4.q0.m1-1.rxyz
                   name = C4(s1)
                formula = C4
     Moments of inertia = [             0.00000           101.27101           101.27101  ]   amu*angs**2
     Moments of inertia = [             0.00000        659239.01916        659239.01916  ]   a.u.
                 Radius =         2.80038   A
                  Eelec =   -4129.6638854   eV
                  Eelec =    -151.7622935   a.u.
                   Mass =      48.0000000   amu
                    ZPE =       0.3600586   eV
               (fr, fv) = (    2    7  )
                maxEvib =       4.3209632   eV

              file name = store/C4.q0.m3-1.rxyz
                   name = C4(t1)
                formula = C4
     Moments of inertia = [             0.00000           100.95866           100.95866  ]   amu*angs**2
     Moments of inertia = [             0.00000        657205.70290        657205.70290  ]   a.u.
                 Radius =         2.79761   A
                  Eelec =   -4130.0560714   eV
                  Eelec =    -151.7767060   a.u.
                   Mass =      48.0000000   amu
                    ZPE =       0.3589806   eV
               (fr, fv) = (    2    7  )
                maxEvib =       4.7131492   eV

              file name = store/C4.q0.m1-2.rxyz
                   name = C4(s2)
                formula = C4
     Moments of inertia = [            13.37471            36.50629            49.88100  ]   amu*angs**2
     Moments of inertia = [         87064.71034        237643.26364        324707.97343  ]   a.u.
                 Radius =         2.08333   A
                  Eelec =   -4130.1646538   eV
                  Eelec =    -151.7806964   a.u.
                   Mass =      48.0000000   amu
                    ZPE =       0.3386632   eV
               (fr, fv) = (    3    6  )
                maxEvib =       4.8217316   eV

              file name = store/C4.q0.m3-2.rxyz
                   name = C4(t2)
                formula = C4
     Moments of inertia = [            14.79303            34.03839            48.83142  ]   amu*angs**2
     Moments of inertia = [         96297.48126        221578.07338        317875.55464  ]   a.u.
                 Radius =         2.04091   A
                  Eelec =   -4128.1123961   eV
                  Eelec =    -151.7052773   a.u.
                   Mass =      48.0000000   amu
                    ZPE =       0.2845289   eV
               (fr, fv) = (    3    6  )
                maxEvib =       2.7694738   eV

              file name = store/C4.q0.m1-3.rxyz
                   name = C4(s3)
                formula = C4
     Moments of inertia = [            11.78932            54.54341            66.33273  ]   amu*angs**2
     Moments of inertia = [         76744.39826        355058.60868        431803.00694  ]   a.u.
                 Radius =         2.20383   A
                  Eelec =   -4129.0178767   eV
                  Eelec =    -151.7385531   a.u.
                   Mass =      48.0000000   amu
                    ZPE =       0.3032733   eV
               (fr, fv) = (    3    6  )
                maxEvib =       3.6749545   eV

              file name = store/C4.q0.m3-5.rxyz
                   name = C4(t5)
                formula = C4
     Moments of inertia = [            24.67490            24.67490            45.62613  ]   amu*angs**2
     Moments of inertia = [        160625.03975        160625.03985        297010.20419  ]   a.u.
                 Radius =         1.82496   A
                  Eelec =   -4128.9587549   eV
                  Eelec =    -151.7363804   a.u.
                   Mass =      48.0000000   amu
                    ZPE =       0.2867251   eV
               (fr, fv) = (    3    6  )
                maxEvib =       3.6158326   eV

              file name = store/C5.q0.m1-1.rxyz
                   name = C5(s1)
                formula = C5
     Moments of inertia = [             0.00000           196.50929           196.50929  ]   amu*angs**2
     Moments of inertia = [             0.00000       1279207.04566       1279207.04566  ]   a.u.
                 Radius =         3.41011   A
                  Eelec =   -5165.1631229   eV
                  Eelec =    -189.8161747   a.u.
                   Mass =      60.0000000   amu
                    ZPE =       0.5296311   eV
               (fr, fv) = (    2   10  )
                maxEvib =       5.8087810   eV

              file name = store/C5.q0.m3-1.rxyz
                   name = C5(t1)
                formula = C5
     Moments of inertia = [             0.00000           196.12234           196.12234  ]   amu*angs**2
     Moments of inertia = [             0.00000       1276688.13785       1276688.13785  ]   a.u.
                 Radius =         3.40000   A
                  Eelec =   -5162.8411225   eV
                  Eelec =    -189.7308428   a.u.
                   Mass =      60.0000000   amu
                    ZPE =       0.5736135   eV
               (fr, fv) = (    2   10  )
                maxEvib =       3.4867806   eV

              file name = store/C5.q0.m1-2.rxyz
                   name = C5(s2)
                formula = C5
     Moments of inertia = [            13.10751            97.47824           110.58575  ]   amu*angs**2
     Moments of inertia = [         85325.31284        634549.41861        719874.73145  ]   a.u.
                 Radius =         2.72646   A
                  Eelec =   -5163.2126417   eV
                  Eelec =    -189.7444959   a.u.
                   Mass =      60.0000000   amu
                    ZPE =       0.4565753   eV
               (fr, fv) = (    3    9  )
                maxEvib =       3.8582998   eV

              file name = store/C5.q0.m3-2.rxyz
                   name = C5(t2)
                formula = C5
     Moments of inertia = [            23.46240            59.81858            80.32458  ]   amu*angs**2
     Moments of inertia = [        152732.06847        389398.14792        522885.05160  ]   a.u.
                 Radius =         2.24499   A
                  Eelec =   -5162.1359230   eV
                  Eelec =    -189.7049272   a.u.
                   Mass =      60.0000000   amu
                    ZPE =       0.4611410   eV
               (fr, fv) = (    3    9  )
                maxEvib =       2.7815811   eV

              file name = store/C5.q0.m1-4.rxyz
                   name = C5(s4)
                formula = C5
     Moments of inertia = [            45.45617            45.45617            49.33602  ]   amu*angs**2
     Moments of inertia = [        295903.84217        295903.84236        321160.29200  ]   a.u.
                 Radius =         1.86382   A
                  Eelec =   -5162.1821689   eV
                  Eelec =    -189.7066267   a.u.
                   Mass =      60.0000000   amu
                    ZPE =       0.4204911   eV
               (fr, fv) = (    3    9  )
                maxEvib =       2.8278270   eV

              file name = store/C5.q0.m1-5.rxyz
                   name = C5(s5)
                formula = C5
     Moments of inertia = [            32.06346            89.87030           121.93376  ]   amu*angs**2
     Moments of inertia = [        208721.95674        585024.39791        793746.35445  ]   a.u.
                 Radius =         2.63614   A
                  Eelec =   -5162.3114126   eV
                  Eelec =    -189.7113763   a.u.
                   Mass =      60.0000000   amu
                    ZPE =       0.4353794   eV
               (fr, fv) = (    3    9  )
                maxEvib =       2.9570707   eV

              file name = store/C5.q0.m3-5.rxyz
                   name = C5(t5)
                formula = C5
     Moments of inertia = [            36.42522            43.68338            51.79049  ]   amu*angs**2
     Moments of inertia = [        237115.52410        284363.58549        337138.03817  ]   a.u.
                 Radius =         1.95913   A
                  Eelec =   -5161.0449929   eV
                  Eelec =    -189.6648363   a.u.
                   Mass =      60.0000000   amu
                    ZPE =       0.4295631   eV
               (fr, fv) = (    3    9  )
                maxEvib =       1.6906510   eV

              file name = store/C5.q0.m3-6.rxyz
                   name = C5(t6)
                formula = C5
     Moments of inertia = [            17.51844            90.92172           105.09098  ]   amu*angs**2
     Moments of inertia = [        114038.95345        591868.75622        684105.67087  ]   a.u.
                 Radius =         2.62109   A
                  Eelec =   -5161.7815777   eV
                  Eelec =    -189.6919053   a.u.
                   Mass =      60.0000000   amu
                    ZPE =       0.4250933   eV
               (fr, fv) = (    3    9  )
                maxEvib =       2.4272358   eV
 
 
     Electronic energy reference =   -5165.1631229   eV
 

     +---------------------------------------+
     | END FRAGMENTS DATABASE INITIALIZATION |
     +---------------------------------------+

 
                            reactives = C5(s1)
                       burnInFraction =         0.10000
                     excitationEnergy =        18.00000 eV
                       numberOfEvents =            5000
                  numberOfExperiments =              10
                                 task = 5*V,T,R,S:0,5*V,T,R,S:-1:1
            geometryHistoryFilePrefix = 
                    freqBlockingCheck =               4
                             tracking = energy
                    energyHistoryFile = energy.dat
                    weightHistoryFile = weight.dat
 
#------------------------------------
# ENERGY HISTORY
#------------------------------------
#             trans       intermol            vib            rot            tot     label
#                eV             eV             eV             eV               
#           -------       --------        -------          -----        -------
 eS         0.06001       13.91993        2.84759        1.17248       18.00000     C(t1)+C(t1)+C3(t2)
 pV         0.42144       13.24603        4.05471        0.27782       18.00000     C(s1)+C(t1)+C3(s1)
 eS         1.31159       13.23165        2.31652        1.14024       18.00000     C(t1)+C2(t1)+C2(t1)
 aV         0.42539       13.06824        2.92842        1.57795       18.00000     C(t1)+C2(s1)+C2(s1)
 rS         2.38016       12.65762        1.93678        1.02545       18.00000     C(t1)+C(t1)+C3(t1)
 eV         2.70910       13.23165        0.81301        1.24624       18.00000     C(t1)+C2(t1)+C2(t1)
 rS         0.76070       13.23165        2.22310        1.78454       18.00000     C(t1)+C2(t1)+C2(t1)
 eV         0.48622       13.23165        3.09221        1.18992       18.00000     C(t1)+C2(t1)+C2(t1)
 eS         0.62512       13.23165        2.27924        1.86399       18.00000     C(t1)+C2(t1)+C2(t1)


 aS         0.15514       11.79618        4.83238        1.21629       18.00000     C(t1)+C(t1)+C3(s1)
 pV         0.47073       15.36977        1.95664        0.20285       18.00000     C(s1)+C(t1)+C3(t2)
 rS         0.51393       13.91993        3.11245        0.45370       18.00000     C(t1)+C(t1)+C3(t2)
 pV         0.98739       13.91993        2.61371        0.47897       18.00000     C(t1)+C(t1)+C3(t2)
 rS         1.38361       13.91993        1.66972        1.02674       18.00000     C(t1)+C(t1)+C3(t2)
 eV         0.44308       14.59979        0.66367        2.29346       18.00000     C(s1)+C2(s1)+C2(t1)
 eS         0.66426        8.01423        6.58386        2.73765       18.00000     C2(t1)+C3(t2)
 rV         0.19307       15.36977        1.38692        1.05024       18.00000     C(s1)+C(t1)+C3(t2)
 rS         1.22776       13.91993        1.97566        0.87666       18.00000     C(t1)+C(t1)+C3(t2)


 eS         0.98121       11.79618        3.91226        1.31034       18.00000     C(t1)+C(t1)+C3(s1)
 rV         1.92678       11.79618        3.23790        1.03913       18.00000     C(t1)+C(t1)+C3(s1)
 rS         0.91191       13.23165        2.35895        1.49749       18.00000     C(t1)+C2(t1)+C2(t1)
 pV        -0.06011       13.23165        1.20803        3.62044       18.00000     C(t1)+C2(t1)+C2(t1)
 rS         2.12728       13.23165        0.97838        1.66269       18.00000     C(t1)+C2(t1)+C2(t1)
 rV        -0.41100       11.79618        3.28904        3.32578       18.00000     C(t1)+C(t1)+C3(s1)
 rS         0.35851       13.23165        2.02657        2.38327       18.00000     C(t1)+C2(t1)+C2(t1)
 eV         0.95913       13.23165        1.60126        2.20797       18.00000     C(t1)+C2(t1)+C2(t1)
 eS         0.82237       13.23165        1.88371        2.06227       18.00000     C(t1)+C2(t1)+C2(t1)


 rS         1.26098       13.14994        2.15671        1.43238       18.00000     C(t1)+C2(s1)+C2(t1)
 eV         1.67085       14.68150        0.96438        0.68327       18.00000     C(s1)+C2(t1)+C2(t1)
 rS         0.01307       13.14994        3.50301        1.33398       18.00000     C(t1)+C2(s1)+C2(t1)
 pV         0.70280       13.91993        2.58414        0.79313       18.00000     C(t1)+C(t1)+C3(t2)
 eS         0.37491       13.24603        2.66605        1.71301       18.00000     C(s1)+C(t1)+C3(s1)
 rV         0.29334       11.79618        5.29601        0.61447       18.00000     C(t1)+C(t1)+C3(s1)
 rS         1.03619       13.23165        2.47161        1.26055       18.00000     C(t1)+C2(t1)+C2(t1)
 eV         1.21002       13.23165        2.95907        0.59926       18.00000     C(t1)+C2(t1)+C2(t1)
 rS         0.27072       13.91993        3.10856        0.70079       18.00000     C(t1)+C(t1)+C3(t2)


 aS         0.15751       13.91993        0.76010        3.16246       18.00000     C(t1)+C(t1)+C3(t2)
 eV         1.91303       13.91993        1.30751        0.85953       18.00000     C(t1)+C(t1)+C3(t2)
 eS         0.53763       13.91993        2.59981        0.94264       18.00000     C(t1)+C(t1)+C3(t2)
 aV        -0.19547       13.91993        2.85989        1.41566       18.00000     C(t1)+C(t1)+C3(t2)
 eS         0.13463       13.91993        2.24208        1.70336       18.00000     C(t1)+C(t1)+C3(t2)
 pV         1.26711       13.91993        1.30475        1.50822       18.00000     C(t1)+C(t1)+C3(t2)
 rS         0.09235       13.91993        2.33389        1.65383       18.00000     C(t1)+C(t1)+C3(t2)
 rV         1.66537       13.14994        1.38040        1.80429       18.00000     C(t1)+C2(s1)+C2(t1)
 rS         0.23479       11.79618        3.35028        2.61874       18.00000     C(t1)+C(t1)+C3(s1)


 rS         0.51410       13.14994        2.69854        1.63742       18.00000     C(t1)+C2(s1)+C2(t1)
 pV        -0.34233       15.36977        1.95468        1.01788       18.00000     C(s1)+C(t1)+C3(t2)
 aS         0.48495       13.91993        2.02186        1.57326       18.00000     C(t1)+C(t1)+C3(t2)
 eV         1.64040       13.23165        0.78830        2.33965       18.00000     C(t1)+C2(t1)+C2(t1)
 rS         0.25800       13.23165        2.10787        2.40248       18.00000     C(t1)+C2(t1)+C2(t1)
 eV        -0.19494       13.23165        4.37717        0.58611       18.00000     C(t1)+C2(t1)+C2(t1)
 rS         0.27166       13.24603        2.98489        1.49742       18.00000     C(s1)+C(t1)+C3(s1)
 rV         0.17074       13.91993        1.24747        2.66186       18.00000     C(t1)+C(t1)+C3(t2)
 rS         0.15767       13.24603        3.14306        1.45324       18.00000     C(s1)+C(t1)+C3(s1)


 pS         0.15770       15.36977        2.44061        0.03192       18.00000     C(s1)+C(t1)+C3(t2)
 aV         1.73592       13.14994        2.52840        0.58574       18.00000     C(t1)+C2(s1)+C2(t1)
 rS         0.35407       13.91993        1.97980        1.74620       18.00000     C(t1)+C(t1)+C3(t2)
 pV         5.25559        5.89049        2.90677        3.94715       18.00000     C2(t1)+C3(s1)
 rS         0.31763       13.23165        3.24954        1.20118       18.00000     C(t1)+C2(t1)+C2(t1)
 eV         2.04198       13.23165        1.69339        1.03298       18.00000     C(t1)+C2(t1)+C2(t1)
 eS         0.06748       13.91993        2.82593        1.18667       18.00000     C(t1)+C(t1)+C3(t2)
 rV         0.11102       13.24603        3.10367        1.53928       18.00000     C(s1)+C(t1)+C3(s1)
 aS         0.28972       13.24603        3.62709        0.83715       18.00000     C(s1)+C(t1)+C3(s1)


 eS         1.18966       13.23165        1.98426        1.59443       18.00000     C(t1)+C2(t1)+C2(t1)
 eV         1.90999       13.23165        2.03424        0.82412       18.00000     C(t1)+C2(t1)+C2(t1)
 rS         1.70581       13.23165        2.05970        1.00284       18.00000     C(t1)+C2(t1)+C2(t1)
 eV         0.03714       13.14994        3.32360        1.48932       18.00000     C(t1)+C2(s1)+C2(t1)
 eS         1.47690       13.14994        1.55400        1.81916       18.00000     C(t1)+C2(s1)+C2(t1)
 rV         0.20249       13.14994        0.21684        4.43073       18.00000     C(t1)+C2(s1)+C2(t1)
 rS         0.11836       13.14994        1.35571        3.37599       18.00000     C(t1)+C2(s1)+C2(t1)
 eV         0.24721       13.23165        3.70119        0.81995       18.00000     C(t1)+C2(t1)+C2(t1)
 rS         0.94425       13.91993        2.20818        0.92764       18.00000     C(t1)+C(t1)+C3(t2)


 eS         0.11956       14.68150        1.02672        2.17223       18.00000     C(s1)+C2(t1)+C2(t1)
 rV         2.03599       13.24603        1.91625        0.80172       18.00000     C(s1)+C(t1)+C3(s1)
 rS         0.04047       14.69588        1.24624        2.01741       18.00000     C(s1)+C(s1)+C3(s1)
 eV         0.21115       14.68150        2.35012        0.75723       18.00000     C(s1)+C2(t1)+C2(t1)
 eS         0.33751       12.65762        3.05806        1.94681       18.00000     C(t1)+C(t1)+C3(t1)
 eV         1.08124       13.23165        1.47250        2.21462       18.00000     C(t1)+C2(t1)+C2(t1)
 rS         0.72036       13.91993        0.52904        2.83067       18.00000     C(t1)+C(t1)+C3(t2)
 eV         0.69570       14.59979        1.27676        1.42774       18.00000     C(s1)+C2(s1)+C2(t1)
 eS         0.61168       13.91993        1.10922        2.35918       18.00000     C(t1)+C(t1)+C3(t2)


 rS         0.27102       13.14994        1.11894        3.46009       18.00000     C(t1)+C2(s1)+C2(t1)
 eV         2.89351       13.14994        1.55873        0.39782       18.00000     C(t1)+C2(s1)+C2(t1)
 eS         0.87484       13.23165        1.47471        2.41880       18.00000     C(t1)+C2(t1)+C2(t1)
 rV         0.21607       13.23165        0.63421        3.91807       18.00000     C(t1)+C2(t1)+C2(t1)
 eS         2.63242       13.23165        0.48846        1.64747       18.00000     C(t1)+C2(t1)+C2(t1)
 rV         0.74237       13.23165        1.43115        2.59483       18.00000     C(t1)+C2(t1)+C2(t1)
 eS         1.00108       13.91993        2.79326        0.28573       18.00000     C(t1)+C(t1)+C3(t2)
 eV         0.39495       14.68150        0.50151        2.42204       18.00000     C(s1)+C2(t1)+C2(t1)
 eS         2.15439       11.79618        2.19068        1.85875       18.00000     C(t1)+C(t1)+C3(s1)



#------------------------------------
# NFragments histogram
#------------------------------------
#                   1         2         3         4         5         6         7         8         9        10           aver      desv
#               -----     -----     -----     -----     -----     -----     -----     -----     -----     -----           ----      ----
          2     0.000     0.039     0.011     0.000     0.000     0.007     0.032     0.000     0.000     0.021          0.011     0.012
          3     1.000     0.961     0.989     1.000     1.000     0.993     0.968     1.000     1.000     0.979          0.989     0.014
 
 
#------------------------------------
# Species histogram
#------------------------------------
#          i         1         2         3         4         5         6         7         8         9        10           aver      desv
#          -     -----     -----     -----     -----     -----     -----     -----     -----     -----     -----           ----      ----
          C2     0.273     0.151     0.458     0.296     0.066     0.349     0.309     0.565     0.309     0.467          0.324     0.140
          C3     0.197     0.265     0.106     0.185     0.300     0.160     0.184     0.051     0.179     0.103          0.173     0.071
          C      0.530     0.572     0.432     0.519     0.633     0.489     0.496     0.384     0.512     0.422          0.499     0.070
 
 
#           item         1         2         3         4         5         6         7         8         9        10           aver      desv
#           ----     -----     -----     -----     -----     -----     -----     -----     -----     -----     -----           ----      ----
          C2(s1)     0.025     0.065     0.036     0.038     0.032     0.057     0.037     0.141     0.022     0.127          0.058     0.040
          C3(s1)     0.033     0.114     0.076     0.062     0.063     0.041     0.080     0.009     0.111     0.053          0.064     0.031
          C3(t2)     0.146     0.129     0.030     0.122     0.237     0.107     0.078     0.019     0.040     0.043          0.095     0.064
          C2(t1)     0.248     0.085     0.422     0.258     0.034     0.292     0.273     0.424     0.287     0.340          0.266     0.119
          C(t1)      0.496     0.471     0.431     0.436     0.596     0.434     0.479     0.356     0.359     0.359          0.442     0.071
          C3(t1)     0.018     0.021     0.000     0.001     0.000     0.012     0.026     0.023     0.027     0.008          0.014     0.008
          C(s1)      0.034     0.101     0.002     0.083     0.038     0.055     0.017     0.028     0.153     0.063          0.057     0.043
 
 
#------------------------------------
# Channels histogram
#------------------------------------
#            item         1         2         3         4         5         6         7         8         9        10           aver      desv
#            ----     -----     -----     -----     -----     -----     -----     -----     -----     -----     -----           ----      ----
          C+C2+C2     0.410     0.206     0.682     0.444     0.100     0.520     0.448     0.847     0.463     0.690          0.481     0.212
          C2+C3       0.000     0.039     0.011     0.000     0.000     0.007     0.032     0.000     0.000     0.021          0.011     0.012
          C+C+C3      0.590     0.755     0.308     0.556     0.900     0.473     0.520     0.153     0.537     0.288          0.508     0.210
 
 
#                        item         1         2         3         4         5         6         7         8         9        10           aver      desv
#                        ----     -----     -----     -----     -----     -----     -----     -----     -----     -----     -----           ----      ----
          C(s1)+C(t1)+C3(s1)      0.064     0.064     0.000     0.064     0.089     0.071     0.045     0.000     0.103     0.043          0.054     0.021
          C2(t1)+C3(t1)           0.000     0.000     0.000     0.000     0.000     0.000     0.000     0.000     0.000     0.004          0.000     0.001
          C2(t1)+C3(s1)           0.000     0.012     0.005     0.000     0.000     0.000     0.032     0.000     0.000     0.018          0.007     0.009
          C(s1)+C2(s1)+C2(s1)     0.000     0.032     0.000     0.000     0.000     0.000     0.000     0.000     0.000     0.000          0.003     0.009
          C(t1)+C(t1)+C3(s1)      0.028     0.261     0.217     0.117     0.100     0.052     0.164     0.028     0.220     0.089          0.128     0.080
          C(s1)+C2(s1)+C2(t1)     0.000     0.039     0.000     0.000     0.004     0.053     0.000     0.036     0.018     0.000          0.015     0.016
          C(s1)+C(s1)+C3(t1)      0.000     0.000     0.000     0.000     0.000     0.000     0.000     0.000     0.000     0.007          0.001     0.002
          C(t1)+C2(s1)+C2(s1)     0.021     0.025     0.007     0.000     0.007     0.000     0.000     0.000     0.015     0.004          0.008     0.007
          C(s1)+C(t1)+C3(t1)      0.000     0.039     0.000     0.000     0.000     0.000     0.000     0.032     0.021     0.009          0.010     0.012
          C2(t1)+C3(t2)           0.000     0.027     0.000     0.000     0.000     0.007     0.000     0.000     0.000     0.000          0.003     0.007
          C(s1)+C(s1)+C3(t2)      0.000     0.000     0.000     0.000     0.000     0.000     0.000     0.000     0.000     0.018          0.002     0.005
          C(t1)+C2(s1)+C2(t1)     0.032     0.043     0.090     0.114     0.078     0.118     0.110     0.388     0.018     0.374          0.136     0.127
          C(s1)+C(t1)+C3(t2)      0.025     0.122     0.005     0.032     0.011     0.018     0.007     0.000     0.000     0.032          0.025     0.032
          C(s1)+C2(t1)+C2(t1)     0.000     0.000     0.000     0.146     0.011     0.021     0.000     0.018     0.295     0.039          0.053     0.085
          C(t1)+C(t1)+C3(t1)      0.053     0.025     0.000     0.004     0.000     0.036     0.078     0.036     0.060     0.004          0.030     0.023
          C2(s1)+C3(s1)           0.000     0.000     0.005     0.000     0.000     0.000     0.000     0.000     0.000     0.000          0.001     0.002
          C(s1)+C(s1)+C3(s1)      0.007     0.004     0.000     0.004     0.000     0.000     0.000     0.000     0.011     0.009          0.003     0.003
          C(t1)+C(t1)+C3(t2)      0.412     0.240     0.085     0.335     0.700     0.297     0.226     0.057     0.121     0.078          0.255     0.187
          C(t1)+C2(t1)+C2(t1)     0.356     0.068     0.585     0.185     0.000     0.327     0.338     0.406     0.117     0.274          0.266     0.144
 
 
#------------------------------------
# Temperature (eV)
#------------------------------------
#                       1              2              3              4              5              6              7              8              9             10                aver           desv
#                   -----          -----          -----          -----          -----          -----          -----          -----          -----          -----                ----           ----
                  0.88848        0.88979        1.00116        0.90817        0.86141        0.94735        1.00675        1.03484        0.85252        0.90957             0.93001        0.06428
 
 
#------------------------------------
# Energy components (eV)
#------------------------------------
#                            1              2              3              4              5              6              7              8              9             10                aver           desv
#                        -----          -----          -----          -----          -----          -----          -----          -----          -----          -----                ----           ----
          trans        0.92960        0.92669        1.00438        0.88071        0.85309        0.92196        0.96683        0.97223        0.90677        0.96914             0.93314        0.04603
          inter       13.50253       13.16448       12.90323       13.56844       13.60643       13.43777       12.87975       13.28050       13.44796       13.19771            13.29888        0.26057
            vib        2.11069        2.55672        2.38731        2.07886        2.28508        1.99014        2.45208        1.82135        2.31293        2.07229             2.20674        0.22896
            rot        1.45718        1.35211        1.70508        1.47200        1.25541        1.65013        1.70135        1.92593        1.33234        1.76086             1.56124        0.21846
 
 
#------------------------------------
# Weight components (arb.)
#------------------------------------
#                            1              2              3              4              5              6              7              8              9             10                aver           desv
#                        -----          -----          -----          -----          -----          -----          -----          -----          -----          -----                ----           ----
           LnWe        5.30718        4.54718        5.21280        5.06764        5.07481        5.08582        5.04682        4.89718        4.87239        4.66743             4.97792        0.23500
           LnWv       11.26521       12.93286       11.50384       11.65445       12.43072       11.20104       12.02162        9.98441       12.10752       11.01785            11.61195        0.82550
           LnWn       -0.60935       -0.45363       -0.61998       -0.54774       -0.56746       -0.50769       -0.55868       -0.37769       -0.58224       -0.36121            -0.51857        0.09212
           LnWr       15.84797       14.42430       16.37661       15.64508       14.42521       16.21393       15.64436       17.65270       14.95200       16.77083            15.79530        1.02366
           LnWt       41.78511       41.22014       41.80202       41.86289       41.78882       41.86735       41.48440       42.17376       41.85836       41.71553            41.75584        0.25286
            LnW       73.59612       72.67085       74.27529       73.68232       73.15211       73.86045       73.63851       74.33036       73.20803       73.81043            73.62245        0.50798
 
 
#------------------------------------
# Markov chain statistics
#------------------------------------
# Reactor type (ACCEPTED)
              S:-1:1        0.00456
                   R        0.25965
                   T        0.29372
                   V        0.42713
                 S:0        0.01494
 
# Reactor type (REJECTED)
              S:-1:1        0.10525
                   R        0.02524
                   V        0.77160
                 S:0        0.09791
 
# Reactor status
    a.ACCEPTED              0.15072
    e.REJECTED(E<0)         0.33556
    p.ACCEPTED(p<PI)        0.27486
    r.REJECTED              0.23886

 
 
#------------------------------------
# Transition statistics
#------------------------------------
#          prob.     reaction
#          -----     --------
         0.04196     C5-->C2+C3
         0.02797     C+C+C3-->C2+C3
         0.03497     C2+C3-->C+C2+C2
         0.01399     C+C4-->C+C+C3
         0.02797     C5-->C+C4
         0.01399     C+C4-->C2+C3
         0.06294     C2+C3-->C+C+C3
         0.01399     C+C2+C2-->C2+C3
         0.37762     C+C+C3-->C+C2+C2
         0.38462     C+C2+C2-->C+C+C3
 
 
#          prob.     reaction
#          -----     --------
         0.00338     C(t1)+C(t1)+C3(s1)-->C(s1)+C(s1)+C3(s1)
         0.00676     C(s1)+C(t1)+C3(t2)-->C(t1)+C2(t1)+C2(t1)
         0.01014     C(s1)+C(t1)+C3(t2)-->C(t1)+C(t1)+C3(s1)
         0.00338     C(s1)+C(t1)+C3(t2)-->C(t1)+C(t1)+C3(t1)
         0.01689     C(s1)+C(t1)+C3(t2)-->C(t1)+C(t1)+C3(t2)
         0.00338     C2(t1)+C3(t2)-->C(s1)+C2(s1)+C2(t1)
         0.00676     C2(t1)+C3(t2)-->C(t1)+C(t1)+C3(t2)
         0.00338     C(s1)+C(t1)+C3(t1)-->C(t1)+C2(t1)+C2(t1)
         0.00676     C(t1)+C2(s1)+C2(t1)-->C(s1)+C2(t1)+C2(t1)
         0.00338     C2(s1)+C3(t2)-->C2(t1)+C3(t2)
         0.00338     C2(t1)+C3(t2)-->C2(t1)+C3(s1)
         0.00338     C(s1)+C(t1)+C3(t2)-->C(t1)+C2(s1)+C2(t1)
         0.00338     C2(s1)+C3(t2)-->C(s1)+C(t1)+C3(s1)
         0.00338     C(s1)+C(t1)+C3(t1)-->C(t1)+C2(s1)+C2(t1)
         0.00676     C(t1)+C(t1)+C3(s1)-->C2(t1)+C3(t2)
         0.00338     C(t1)+C2(s1)+C2(t1)-->C(s1)+C2(s1)+C2(t1)
         0.05068     C(t1)+C(t1)+C3(t2)-->C(t1)+C(t1)+C3(s1)
         0.01689     C(t1)+C(t1)+C3(t2)-->C(t1)+C(t1)+C3(t1)
         0.01014     C(s1)+C2(t1)+C2(t1)-->C(t1)+C2(t1)+C2(t1)
         0.02365     C(s1)+C(t1)+C3(t2)-->C(s1)+C(t1)+C3(s1)
         0.01014     C(s1)+C2(t1)+C2(t1)-->C(t1)+C2(s1)+C2(t1)
         0.00338     C2(t1)+C3(t2)-->C(s1)+C(t1)+C3(s1)
         0.00338     C2(t1)+C3(t2)-->C(s1)+C(t1)+C3(t1)
         0.00338     C(s1)+C(s1)+C3(t2)-->C(s1)+C2(t1)+C2(t1)
         0.00338     C(s1)+C4(t1)-->C(s1)+C(s1)+C3(t1)
         0.00338     C(s1)+C(t1)+C3(s1)-->C(s1)+C2(t1)+C2(t1)
         0.03378     C(t1)+C(t1)+C3(t2)-->C(s1)+C(t1)+C3(s1)
         0.00338     C(t1)+C(t1)+C3(t2)-->C(s1)+C(t1)+C3(t1)
         0.00338     C(t1)+C(t1)+C3(t2)-->C(s1)+C(t1)+C3(t2)
         0.00338     C(s1)+C2(s1)+C2(t1)-->C(t1)+C(t1)+C3(s1)
         0.00676     C(s1)+C2(s1)+C2(t1)-->C(t1)+C(t1)+C3(t2)
         0.00338     C(t1)+C4(s1)-->C(s1)+C(t1)+C3(t1)
         0.00338     C(s1)+C(t1)+C3(s1)-->C(s1)+C2(s1)+C2(t1)
         0.00338     C(t1)+C2(t1)+C2(t1)-->C2(t1)+C3(t1)
         0.00676     C(t1)+C(t1)+C3(t2)-->C(s1)+C(s1)+C3(s1)
         0.00338     C(t1)+C2(t1)+C2(t1)-->C2(s1)+C3(s1)
         0.00338     C2(t1)+C3(t1)-->C(t1)+C2(t1)+C2(t1)
         0.00338     C(s1)+C2(t1)+C2(t1)-->C(t1)+C(t1)+C3(t1)
         0.01351     C(s1)+C2(t1)+C2(t1)-->C(t1)+C(t1)+C3(t2)
         0.00338     C2(t1)+C3(t1)-->C2(s1)+C3(s1)
         0.00338     C5(s1)-->C(t1)+C4(s1)
         0.00338     C5(s1)-->C(t1)+C4(t2)
         0.00338     C(s1)+C2(s1)+C2(t1)-->C(s1)+C(t1)+C3(s1)
         0.00338     C(s1)+C2(s1)+C2(t1)-->C(s1)+C(t1)+C3(t1)
         0.00338     C(s1)+C(t1)+C3(t1)-->C2(t1)+C3(s1)
         0.01351     C(t1)+C2(s1)+C2(t1)-->C(t1)+C2(t1)+C2(t1)
         0.00338     C(s1)+C2(s1)+C2(s1)-->C(s1)+C(t1)+C3(t1)
         0.00338     C5(s1)-->C(s1)+C4(s1)
         0.00338     C5(s1)-->C(s1)+C4(t1)
         0.01689     C(t1)+C(t1)+C3(t2)-->C(t1)+C2(t1)+C2(t1)
         0.01014     C(t1)+C(t1)+C3(t1)-->C(t1)+C2(t1)+C2(t1)
         0.00338     C(t1)+C4(t2)-->C(t1)+C4(t1)
         0.00676     C(s1)+C2(t1)+C2(t1)-->C(s1)+C(t1)+C3(s1)
         0.00676     C(t1)+C(t1)+C3(t2)-->C(t1)+C2(s1)+C2(s1)
         0.02027     C(t1)+C(t1)+C3(t2)-->C(t1)+C2(s1)+C2(t1)
         0.00338     C2(s1)+C3(t2)-->C(s1)+C2(t1)+C2(t1)
         0.00338     C(t1)+C(t1)+C3(t1)-->C(t1)+C2(s1)+C2(s1)
         0.00338     C2(s1)+C3(s1)-->C2(t1)+C3(s1)
         0.00338     C2(s1)+C3(s1)-->C2(t1)+C3(t2)
         0.00338     C2(t1)+C3(s1)-->C2(t1)+C3(t2)
         0.00338     C(s1)+C4(t1)-->C2(t1)+C3(t1)
         0.00676     C(s1)+C(t1)+C3(s1)-->C(t1)+C2(t1)+C2(t1)
         0.00338     C(t1)+C2(s1)+C2(s1)-->C(s1)+C2(t1)+C2(t1)
         0.00338     C(t1)+C4(t1)-->C2(s1)+C3(t1)
         0.00676     C(s1)+C(t1)+C3(s1)-->C(t1)+C2(s1)+C2(s1)
         0.01689     C(s1)+C(t1)+C3(s1)-->C(t1)+C2(s1)+C2(t1)
         0.01351     C(t1)+C(t1)+C3(s1)-->C(s1)+C2(t1)+C2(t1)
         0.01351     C(t1)+C2(s1)+C2(t1)-->C(t1)+C(t1)+C3(s1)
         0.00676     C(t1)+C2(s1)+C2(t1)-->C(t1)+C(t1)+C3(t1)
         0.02027     C(t1)+C2(s1)+C2(t1)-->C(t1)+C(t1)+C3(t2)
         0.00338     C(s1)+C2(s1)+C2(t1)-->C(t1)+C2(s1)+C2(t1)
         0.00338     C(t1)+C2(t1)+C2(t1)-->C(s1)+C2(s1)+C2(t1)
         0.00338     C(t1)+C2(s1)+C2(s1)-->C(t1)+C(t1)+C3(s1)
         0.00338     C(t1)+C2(s1)+C2(s1)-->C(t1)+C(t1)+C3(t1)
         0.00338     C(t1)+C2(s1)+C2(s1)-->C(t1)+C(t1)+C3(t2)
         0.00676     C(t1)+C(t1)+C3(s1)-->C(s1)+C2(s1)+C2(t1)
         0.00338     C5(s2)-->C2(s1)+C3(t2)
         0.00338     C(t1)+C(t1)+C3(t2)-->C2(t1)+C3(s1)
         0.00338     C(s1)+C(s1)+C3(s1)-->C(t1)+C(t1)+C3(s1)
         0.00338     C(s1)+C(s1)+C3(s1)-->C(t1)+C(t1)+C3(t1)
         0.00676     C(s1)+C(s1)+C3(s1)-->C(t1)+C(t1)+C3(t2)
         0.00338     C(s1)+C(s1)+C3(s1)-->C(s1)+C2(t1)+C2(t1)
         0.02027     C(t1)+C2(t1)+C2(t1)-->C(t1)+C(t1)+C3(s1)
         0.00676     C(t1)+C2(t1)+C2(t1)-->C(t1)+C(t1)+C3(t1)
         0.02027     C(t1)+C2(t1)+C2(t1)-->C(t1)+C(t1)+C3(t2)
         0.00338     C5(s1)-->C5(s2)
         0.00676     C(s1)+C(t1)+C3(t1)-->C(s1)+C2(t1)+C2(t1)
         0.00338     C(s1)+C(t1)+C3(t1)-->C(t1)+C(t1)+C3(s1)
         0.00338     C(s1)+C(t1)+C3(t1)-->C(t1)+C(t1)+C3(t1)
         0.00338     C(s1)+C(t1)+C3(t1)-->C(t1)+C(t1)+C3(t2)
         0.01351     C(t1)+C2(s1)+C2(t1)-->C(s1)+C(t1)+C3(s1)
         0.03378     C(s1)+C(t1)+C3(s1)-->C(t1)+C(t1)+C3(s1)
         0.00338     C(s1)+C(t1)+C3(s1)-->C(t1)+C(t1)+C3(t1)
         0.02703     C(s1)+C(t1)+C3(s1)-->C(t1)+C(t1)+C3(t2)
         0.00676     C(t1)+C2(s1)+C2(s1)-->C(s1)+C(t1)+C3(t1)
         0.00338     C(t1)+C2(s1)+C2(s1)-->C(s1)+C(t1)+C3(t2)
         0.00338     C2(t1)+C3(s1)-->C(t1)+C(t1)+C3(t2)
         0.00338     C(s1)+C(t1)+C3(t1)-->C(s1)+C2(s1)+C2(s1)
         0.00338     C(s1)+C(s1)+C3(t1)-->C(s1)+C(t1)+C3(s1)
         0.01689     C(t1)+C(t1)+C3(t1)-->C(t1)+C(t1)+C3(s1)
         0.00676     C(t1)+C(t1)+C3(t1)-->C(t1)+C(t1)+C3(t2)
         0.00338     C(t1)+C2(t1)+C2(t1)-->C(s1)+C(t1)+C3(s1)
         0.00676     C(t1)+C2(t1)+C2(t1)-->C(s1)+C(t1)+C3(t1)
         0.01014     C(t1)+C2(t1)+C2(t1)-->C(s1)+C(t1)+C3(t2)
         0.00338     C(s1)+C(s1)+C3(t1)-->C(s1)+C(s1)+C3(t2)
         0.00676     C5(s1)-->C2(t1)+C3(s1)
         0.00338     C5(s1)-->C2(t1)+C3(t2)
         0.01014     C(t1)+C(t1)+C3(s1)-->C(t1)+C(t1)+C3(t1)
         0.04054     C(t1)+C(t1)+C3(s1)-->C(t1)+C(t1)+C3(t2)
         0.00338     C2(s1)+C3(t1)-->C(t1)+C2(s1)+C2(s1)
         0.00338     C2(t1)+C3(s1)-->C(t1)+C2(s1)+C2(t1)
         0.00338     C(s1)+C(t1)+C3(t1)-->C(s1)+C(t1)+C3(s1)
         0.00338     C(s1)+C(t1)+C3(t1)-->C(s1)+C(t1)+C3(t2)
         0.00338     C(s1)+C4(s1)-->C(s1)+C4(t1)
         0.00676     C5(s1)-->C2(s1)+C3(t2)
         0.01014     C(s1)+C(t1)+C3(s1)-->C(s1)+C(t1)+C3(t2)
         0.00338     C2(t1)+C3(s1)-->C(s1)+C(t1)+C3(s1)
         0.00338     C2(t1)+C3(s1)-->C(s1)+C(t1)+C3(t2)
         0.00338     C(s1)+C(t1)+C3(t1)-->C(s1)+C(s1)+C3(s1)
         0.02027     C(t1)+C(t1)+C3(s1)-->C(t1)+C2(t1)+C2(t1)
         0.00338     C(s1)+C(t1)+C3(s1)-->C(s1)+C(s1)+C3(t1)
         0.00338     C2(t1)+C3(s1)-->C(s1)+C(s1)+C3(s1)
         0.00676     C(t1)+C(t1)+C3(t1)-->C(s1)+C(t1)+C3(s1)
         0.00338     C(t1)+C(t1)+C3(t1)-->C(s1)+C(t1)+C3(t1)
         0.01351     C(t1)+C(t1)+C3(t1)-->C(s1)+C(t1)+C3(t2)
         0.00676     C(t1)+C2(t1)+C2(t1)-->C(t1)+C2(s1)+C2(t1)
         0.01351     C(t1)+C(t1)+C3(s1)-->C(s1)+C(t1)+C3(s1)
         0.00676     C(t1)+C(t1)+C3(s1)-->C(s1)+C(t1)+C3(t1)
         0.01689     C(t1)+C(t1)+C3(s1)-->C(s1)+C(t1)+C3(t2)
         0.00338     C(t1)+C(t1)+C3(s1)-->C(t1)+C2(s1)+C2(s1)
         0.01014     C(t1)+C(t1)+C3(s1)-->C(t1)+C2(s1)+C2(t1)
 
 
 ---------------------------------------------------------------------------
 ELAPSED TIME:            0 h           0 m          18 s
 END TIME: Tue Sep 29 00:30:28 2020
 ---------------------------------------------------------------------------
